This is XeTeX, Version 3.141592653-2.6-0.999995 (TeX Live 2023) (preloaded format=xelatex 2023.6.8)  26 OCT 2023 15:48
entering extended mode
 restricted \write18 enabled.
 %&-line parsing enabled.
**index.tex
(./index.tex
LaTeX2e <2022-11-01> patch level 1
L3 programming layer <2023-06-05>

! LaTeX Error: File `scrbook.cls' not found.

Type X to quit or <RETURN> to proceed,
or enter new name. (Default extension: cls)

Enter file name: 
! Emergency stop.
<read *> 
         
l.12 ^^M
         
Here is how much of TeX's memory you used:
 29 strings out of 478642
 523 string characters out of 5845584
 1844382 words of memory out of 5000000
 20283 multiletter control sequences out of 15000+600000
 513387 words of font info for 34 fonts, out of 8000000 for 9000
 14 hyphenation exceptions out of 8191
 19i,0n,29p,84b,17s stack positions out of 10000i,1000n,20000p,200000b,200000s

No pages of output.
